<?xml version="1.0" encoding="UTF-8"?>
<!-- Generated by org.testng.reporters.JUnitReportReporter -->
<testsuite hostname="DESKTOP-8REHEA8" name="bonifyLoginPage.ForgotPasswordTest" tests="1" failures="0" timestamp="10 Sep 2018 18:09:47 GMT" time="2.591" errors="0">
  <testcase name="ForgetPass" time="2.591" classname="bonifyLoginPage.ForgotPasswordTest"/>
</testsuite> <!-- bonifyLoginPage.ForgotPasswordTest -->
