<?xml version="1.0" encoding="UTF-8"?>
<!-- Generated by org.testng.reporters.JUnitReportReporter -->
<testsuite hostname="DESKTOP-8REHEA8" name="bonifyLoginPage.ForgotPasswordTest" tests="1" failures="0" timestamp="4 Sep 2018 21:52:06 GMT" time="1.947" errors="0">
  <testcase name="ForgotPass" time="1.947" classname="bonifyLoginPage.ForgotPasswordTest"/>
</testsuite> <!-- bonifyLoginPage.ForgotPasswordTest -->
