<?xml version="1.0" encoding="UTF-8"?>
<!-- Generated by org.testng.reporters.JUnitReportReporter -->
<testsuite hostname="DESKTOP-8REHEA8" name="bonifyLoginPage.Testing" tests="1" failures="0" timestamp="4 Sep 2018 14:31:33 GMT" time="17.440" errors="0">
  <testcase name="B" time="17.440" classname="bonifyLoginPage.Testing"/>
</testsuite> <!-- bonifyLoginPage.Testing -->
