<?xml version="1.0" encoding="UTF-8"?>
<!-- Generated by org.testng.reporters.JUnitReportReporter -->
<testsuite hostname="DESKTOP-8REHEA8" name="bonifyLoginPage.Task3_LoginPageValidation" tests="2" failures="0" timestamp="5 Sep 2018 12:37:37 GMT" time="127.074" errors="0">
  <testcase name="ForgetPassValidation" time="54.963" classname="bonifyLoginPage.Task3_LoginPageValidation"/>
  <testcase name="RegistrationPgValidation" time="72.111" classname="bonifyLoginPage.Task3_LoginPageValidation"/>
</testsuite> <!-- bonifyLoginPage.Task3_LoginPageValidation -->
